mode: set
potok/backend/internal/store/store.go:19.29,21.2 1 1
potok/backend/internal/store/store.go:24.30,24.45 1 1
potok/backend/internal/store/store.go:28.67,36.16 5 1
potok/backend/internal/store/store.go:36.16,39.3 2 1
potok/backend/internal/store/store.go:40.2,41.20 2 1
potok/backend/internal/store/store.go:44.56,47.16 3 1
potok/backend/internal/store/store.go:47.16,50.3 2 1
potok/backend/internal/store/store.go:51.2,54.18 3 1
potok/backend/internal/store/store.go:54.18,56.61 2 1
potok/backend/internal/store/store.go:56.61,59.4 2 0
potok/backend/internal/store/store.go:60.3,60.37 1 1
potok/backend/internal/store/store.go:62.2,62.21 1 1
potok/backend/internal/store/store.go:65.71,68.16 3 1
potok/backend/internal/store/store.go:68.16,71.3 2 1
potok/backend/internal/store/store.go:72.2,73.48 2 1
potok/backend/internal/store/store.go:76.47,79.16 3 1
potok/backend/internal/store/store.go:79.16,82.3 2 1
potok/backend/internal/store/store.go:84.2,86.16 3 1
potok/backend/internal/store/store.go:86.16,89.3 2 1
potok/backend/internal/store/store.go:90.2,91.12 2 1
potok/backend/internal/store/store.go:96.83,109.16 6 1
potok/backend/internal/store/store.go:109.16,112.3 2 1
potok/backend/internal/store/store.go:113.2,114.18 2 1
potok/backend/internal/store/store.go:117.83,119.16 2 1
potok/backend/internal/store/store.go:120.14,121.48 1 0
potok/backend/internal/store/store.go:122.19,123.49 1 0
potok/backend/internal/store/store.go:124.14,125.38 1 0
potok/backend/internal/store/store.go:126.19,127.39 1 1
potok/backend/internal/store/store.go:129.2,130.16 2 1
potok/backend/internal/store/store.go:130.16,133.3 2 1
potok/backend/internal/store/store.go:134.2,137.18 3 1
potok/backend/internal/store/store.go:137.18,140.101 3 1
potok/backend/internal/store/store.go:140.101,143.4 2 0
potok/backend/internal/store/store.go:144.3,144.22 1 1
potok/backend/internal/store/store.go:144.22,146.4 1 1
potok/backend/internal/store/store.go:146.9,148.4 1 0
potok/backend/internal/store/store.go:149.3,149.31 1 1
potok/backend/internal/store/store.go:151.2,151.19 1 1
potok/backend/internal/store/store.go:154.87,157.16 3 1
potok/backend/internal/store/store.go:157.16,160.3 2 1
potok/backend/internal/store/store.go:162.2,169.18 3 1
potok/backend/internal/store/store.go:172.45,175.16 3 1
potok/backend/internal/store/store.go:175.16,178.3 2 1
potok/backend/internal/store/store.go:179.2,180.12 2 1
potok/backend/internal/store/store.go:183.69,185.16 2 1
potok/backend/internal/store/store.go:186.14,187.48 1 0
potok/backend/internal/store/store.go:188.19,189.49 1 0
potok/backend/internal/store/store.go:190.14,191.38 1 0
potok/backend/internal/store/store.go:192.19,193.39 1 1
potok/backend/internal/store/store.go:195.2,196.16 2 1
potok/backend/internal/store/store.go:196.16,199.3 2 1
potok/backend/internal/store/store.go:200.2,203.18 3 1
potok/backend/internal/store/store.go:203.18,206.101 3 1
potok/backend/internal/store/store.go:206.101,209.4 2 0
potok/backend/internal/store/store.go:210.3,210.22 1 1
potok/backend/internal/store/store.go:210.22,212.4 1 1
potok/backend/internal/store/store.go:212.9,214.4 1 0
potok/backend/internal/store/store.go:215.3,215.31 1 1
potok/backend/internal/store/store.go:217.2,217.19 1 1
potok/backend/internal/store/store.go:220.62,222.16 2 1
potok/backend/internal/store/store.go:222.16,225.3 2 1
potok/backend/internal/store/store.go:226.2,231.16 4 1
potok/backend/internal/store/store.go:231.16,234.3 2 1
potok/backend/internal/store/store.go:237.2,239.16 3 1
potok/backend/internal/store/store.go:239.16,242.3 2 1
potok/backend/internal/store/store.go:244.2,245.20 2 1
